<?xml version="1.0" encoding="UTF-8"?>
<!-- Generated by org.testng.reporters.JUnitXMLReporter -->
<testsuite ignored="0" hostname="RohithSai" failures="0" tests="3" name="ChromeTest" time="35.365" errors="0" timestamp="2026-04-13T14:05:39 IST">
  <testcase classname="TestCases.AppointmentScheduling" name="Login" time="16.88"/>
  <testcase classname="TestCases.AppointmentScheduling" name="Datevalidation" time="11.617"/>
  <testcase classname="TestCases.AppointmentScheduling" name="printURLs" time="6.053"/>
</testsuite> <!-- ChromeTest -->
