<?xml version="1.0" encoding="UTF-8"?>
<!-- Generated by org.testng.reporters.JUnitXMLReporter -->
<testsuite ignored="0" hostname="RohithSai" failures="0" tests="3" name="Test" time="24.718" errors="0" timestamp="2026-04-02T15:22:34 IST">
  <testcase classname="TestCases.AppointmentScheduling" name="Login" time="11.601"/>
  <testcase classname="TestCases.AppointmentScheduling" name="Datevalidation" time="5.821"/>
  <testcase classname="TestCases.AppointmentScheduling" name="printURLs" time="6.122"/>
</testsuite> <!-- Test -->
