<?xml version="1.0" encoding="UTF-8"?>
<!-- Generated by org.testng.reporters.JUnitXMLReporter -->
<testsuite ignored="0" hostname="RohithSai" failures="0" tests="3" name="Test" time="28.366" errors="0" timestamp="2026-04-11T10:16:01 IST">
  <testcase classname="TestCases.AppointmentScheduling" name="Login" time="14.486"/>
  <testcase classname="TestCases.AppointmentScheduling" name="Datevalidation" time="6.942"/>
  <testcase classname="TestCases.AppointmentScheduling" name="printURLs" time="6.251"/>
</testsuite> <!-- Test -->
