<?xml version="1.0" encoding="UTF-8"?>
<testng-results ignored="0" total="6" passed="6" failed="0" skipped="0">
  <reporter-output>
  </reporter-output>
  <suite started-at="2026-04-13T14:05:04 IST" name="Suite" finished-at="2026-04-13T14:05:39 IST" duration-ms="35366">
    <groups>
    </groups>
    <test started-at="2026-04-13T14:05:04 IST" name="EdgeTest" finished-at="2026-04-13T14:05:37 IST" duration-ms="32969">
      <class name="TestCases.AppointmentScheduling">
        <test-method signature="Login(java.lang.String,java.lang.String,java.lang.String,java.lang.String)[pri:1, instance:TestCases.AppointmentScheduling@43c1b556]" started-at="2026-04-13T14:05:04 IST" name="Login" finished-at="2026-04-13T14:05:24 IST" duration-ms="19936" status="PASS">
          <params>
            <param index="0">
              <value>
                <![CDATA[edge]]>
              </value>
            </param>
            <param index="1">
              <value>
                <![CDATA[https://openmrs.org/demo/]]>
              </value>
            </param>
            <param index="2">
              <value>
                <![CDATA[admin]]>
              </value>
            </param>
            <param index="3">
              <value>
                <![CDATA[Admin123]]>
              </value>
            </param>
          </params>
          <reporter-output>
          </reporter-output>
        </test-method> <!-- Login -->
        <test-method signature="Datevalidation()[pri:2, instance:TestCases.AppointmentScheduling@43c1b556]" started-at="2026-04-13T14:05:24 IST" name="Datevalidation" finished-at="2026-04-13T14:05:30 IST" duration-ms="5773" status="PASS">
          <reporter-output>
          </reporter-output>
        </test-method> <!-- Datevalidation -->
        <test-method signature="printURLs()[pri:3, instance:TestCases.AppointmentScheduling@43c1b556]" started-at="2026-04-13T14:05:30 IST" name="printURLs" finished-at="2026-04-13T14:05:36 IST" duration-ms="6262" status="PASS">
          <reporter-output>
          </reporter-output>
        </test-method> <!-- printURLs -->
        <test-method is-config="true" signature="tearDown()[pri:0, instance:TestCases.AppointmentScheduling@43c1b556]" started-at="2026-04-13T14:05:36 IST" name="tearDown" finished-at="2026-04-13T14:05:37 IST" duration-ms="665" status="PASS">
          <reporter-output>
          </reporter-output>
        </test-method> <!-- tearDown -->
      </class> <!-- TestCases.AppointmentScheduling -->
    </test> <!-- EdgeTest -->
    <test started-at="2026-04-13T14:05:04 IST" name="ChromeTest" finished-at="2026-04-13T14:05:39 IST" duration-ms="35365">
      <class name="TestCases.AppointmentScheduling">
        <test-method signature="Login(java.lang.String,java.lang.String,java.lang.String,java.lang.String)[pri:1, instance:TestCases.AppointmentScheduling@233795b6]" started-at="2026-04-13T14:05:04 IST" name="Login" finished-at="2026-04-13T14:05:21 IST" duration-ms="16880" status="PASS">
          <params>
            <param index="0">
              <value>
                <![CDATA[chrome]]>
              </value>
            </param>
            <param index="1">
              <value>
                <![CDATA[https://openmrs.org/demo/]]>
              </value>
            </param>
            <param index="2">
              <value>
                <![CDATA[admin]]>
              </value>
            </param>
            <param index="3">
              <value>
                <![CDATA[Admin123]]>
              </value>
            </param>
          </params>
          <reporter-output>
          </reporter-output>
        </test-method> <!-- Login -->
        <test-method signature="Datevalidation()[pri:2, instance:TestCases.AppointmentScheduling@233795b6]" started-at="2026-04-13T14:05:21 IST" name="Datevalidation" finished-at="2026-04-13T14:05:33 IST" duration-ms="11617" status="PASS">
          <reporter-output>
          </reporter-output>
        </test-method> <!-- Datevalidation -->
        <test-method signature="printURLs()[pri:3, instance:TestCases.AppointmentScheduling@233795b6]" started-at="2026-04-13T14:05:33 IST" name="printURLs" finished-at="2026-04-13T14:05:39 IST" duration-ms="6053" status="PASS">
          <reporter-output>
          </reporter-output>
        </test-method> <!-- printURLs -->
        <test-method is-config="true" signature="tearDown()[pri:0, instance:TestCases.AppointmentScheduling@233795b6]" started-at="2026-04-13T14:05:39 IST" name="tearDown" finished-at="2026-04-13T14:05:39 IST" duration-ms="485" status="PASS">
          <reporter-output>
          </reporter-output>
        </test-method> <!-- tearDown -->
      </class> <!-- TestCases.AppointmentScheduling -->
    </test> <!-- ChromeTest -->
  </suite> <!-- Suite -->
</testng-results>
