<?xml version="1.0" encoding="UTF-8"?>
<testng-results ignored="0" total="3" passed="3" failed="0" skipped="0">
  <reporter-output>
  </reporter-output>
  <suite started-at="2026-04-02T14:57:02 IST" name="Suite" finished-at="2026-04-02T14:57:28 IST" duration-ms="26318">
    <groups>
    </groups>
    <test started-at="2026-04-02T14:57:02 IST" name="Test" finished-at="2026-04-02T14:57:28 IST" duration-ms="26318">
      <class name="TestCases.AppointmentScheduling">
        <test-method signature="Login(java.lang.String,java.lang.String,java.lang.String,java.lang.String)[pri:1, instance:TestCases.AppointmentScheduling@233795b6]" started-at="2026-04-02T14:57:02 IST" name="Login" finished-at="2026-04-02T14:57:15 IST" duration-ms="13022" status="PASS">
          <params>
            <param index="0">
              <value>
                <![CDATA[chrome]]>
              </value>
            </param>
            <param index="1">
              <value>
                <![CDATA[https://openmrs.org/demo/]]>
              </value>
            </param>
            <param index="2">
              <value>
                <![CDATA[admin]]>
              </value>
            </param>
            <param index="3">
              <value>
                <![CDATA[Admin123]]>
              </value>
            </param>
          </params>
          <reporter-output>
          </reporter-output>
        </test-method> <!-- Login -->
        <test-method signature="Datevalidation()[pri:2, instance:TestCases.AppointmentScheduling@233795b6]" started-at="2026-04-02T14:57:15 IST" name="Datevalidation" finished-at="2026-04-02T14:57:21 IST" duration-ms="5528" status="PASS">
          <reporter-output>
          </reporter-output>
        </test-method> <!-- Datevalidation -->
        <test-method signature="printURLs()[pri:3, instance:TestCases.AppointmentScheduling@233795b6]" started-at="2026-04-02T14:57:21 IST" name="printURLs" finished-at="2026-04-02T14:57:27 IST" duration-ms="6323" status="PASS">
          <reporter-output>
          </reporter-output>
        </test-method> <!-- printURLs -->
        <test-method is-config="true" signature="tearDown()[pri:0, instance:TestCases.AppointmentScheduling@233795b6]" started-at="2026-04-02T14:57:27 IST" name="tearDown" finished-at="2026-04-02T14:57:28 IST" duration-ms="1069" status="PASS">
          <reporter-output>
          </reporter-output>
        </test-method> <!-- tearDown -->
      </class> <!-- TestCases.AppointmentScheduling -->
    </test> <!-- Test -->
  </suite> <!-- Suite -->
</testng-results>
