<?xml version="1.0" encoding="UTF-8"?>
<!-- Generated by org.testng.reporters.JUnitReportReporter -->
<testsuite hostname="RohithSai" failures="0" tests="3" name="TestCases.AppointmentScheduling" time="23.544" errors="0" timestamp="2026-04-02T15:22:35 IST" skipped="0">
  <testcase classname="TestCases.AppointmentScheduling" name="Login" time="11.601"/>
  <testcase classname="TestCases.AppointmentScheduling" name="Datevalidation" time="5.821"/>
  <testcase classname="TestCases.AppointmentScheduling" name="printURLs" time="6.122"/>
</testsuite> <!-- TestCases.AppointmentScheduling -->
