<?xml version="1.0" encoding="UTF-8"?>
<!-- Generated by org.testng.reporters.JUnitReportReporter -->
<testsuite hostname="RohithSai" failures="0" tests="6" name="TestCases.AppointmentScheduling" time="66.521" errors="0" timestamp="2026-04-13T14:05:40 IST" skipped="0">
  <testcase classname="TestCases.AppointmentScheduling" name="Login" time="19.936"/>
  <testcase classname="TestCases.AppointmentScheduling" name="Login" time="16.880"/>
  <testcase classname="TestCases.AppointmentScheduling" name="Datevalidation" time="5.773"/>
  <testcase classname="TestCases.AppointmentScheduling" name="Datevalidation" time="11.617"/>
  <testcase classname="TestCases.AppointmentScheduling" name="printURLs" time="6.053"/>
  <testcase classname="TestCases.AppointmentScheduling" name="printURLs" time="6.262"/>
</testsuite> <!-- TestCases.AppointmentScheduling -->
